<?xml version='1.0' encoding='UTF-8'?>
<testsuite hostname="DESKTOP-OP" name="ImageConverterSpec" tests="8" errors="0" failures="0" skipped="0" time="0.712" timestamp="2022-06-07T16:59:38">
                     <properties>
      <property name="jline.esc.timeout" value="0"/><property name="java.runtime.name" value="Java(TM) SE Runtime Environment"/><property name="sun.boot.library.path" value="C:\Program Files\Java\jre1.8.0_51\bin"/><property name="java.vm.version" value="25.51-b03"/><property name="java.vm.vendor" value="Oracle Corporation"/><property name="java.vendor.url" value="http://java.oracle.com/"/><property name="path.separator" value=";"/><property name="jna.loaded" value="true"/><property name="java.vm.name" value="Java HotSpot(TM) 64-Bit Server VM"/><property name="file.encoding.pkg" value="sun.io"/><property name="user.country" value="US"/><property name="user.script" value=""/><property name="sun.java.launcher" value="SUN_STANDARD"/><property name="sun.os.patch.level" value=""/><property name="jna.nosys" value="true"/><property name="java.vm.specification.name" value="Java Virtual Machine Specification"/><property name="user.dir" value="C:\dev\scala_dev\NULP"/><property name="java.runtime.version" value="1.8.0_51-b16"/><property name="java.awt.graphicsenv" value="sun.awt.Win32GraphicsEnvironment"/><property name="java.endorsed.dirs" value="C:\Program Files\Java\jre1.8.0_51\lib\endorsed"/><property name="os.arch" value="amd64"/><property name="java.io.tmpdir" value="C:\Users\OLESLA~1\AppData\Local\Temp\"/><property name="line.separator" value="
"/><property name="java.vm.specification.vendor" value="Oracle Corporation"/><property name="log4j.ignoreTCL" value="true"/><property name="user.variant" value=""/><property name="os.name" value="Windows 8.1"/><property name="sun.jnu.encoding" value="Cp1251"/><property name="jnidispatch.path" value="C:\Users\OLESLA~1\AppData\Local\Temp\jna--1369266787\jna2888905640676311923.dll"/><property name="java.library.path" value="C:\Program Files\Java\jre1.8.0_51\bin;C:\WINDOWS\Sun\Java\bin;C:\WINDOWS\system32;C:\WINDOWS;C:\Program Files\Java\jre1.8.0_51\bin;C:\dev\VulkanSDK\1.2.176.1\Bin;C:\ProgramData\Oracle\Java\javapath;C:\Program Files\Common Files\Oracle\Java\javapath;C:\WINDOWS\system32;C:\WINDOWS;C:\WINDOWS\System32\Wbem;C:\WINDOWS\System32\WindowsPowerShell\v1.0\;C:\WINDOWS\System32\OpenSSH\;C:\Program Files\mingw-w64\x86_64-8.1.0-posix-seh-rt_v6-rev0\mingw64\bin;C:\Program Files\Microsoft SQL Server\130\Tools\Binn\;C:\Program Files\Git\cmd;C:\Program Files\Polyspace\R2019b\runtime\win64;C:\Program Files\Polyspace\R2019b\bin;C:\Program Files\Polyspace\R2019b\polyspace\bin;C:\Program Files\MySQL\MySQL Shell 8.0\bin;C:\Program Files\CMake\bin;C:\Program Files\nodejs\;C:\ProgramData\chocolatey\bin;C:\Program Files\dotnet\;C:\Program Files\Graphviz\bin;C:\Program Files (x86)\Eigen3\include\eigen3\;C:\Program Files\Docker\Docker\resources\bin;C:\ProgramData\DockerDesktop\version-bin;C:\Program Files (x86)\sbt\bin;C:\Program Files\Java\jdk-15.0.1\bin;C:\Python39\Scripts\;C:\Python39\;C:\Users\Oleslav Boychuk\AppData\Local\Programs\Python\Python37-32\Scripts\;C:\Users\Oleslav Boychuk\AppData\Local\Programs\Python\Python37-32\;C:\Users\Oleslav Boychuk\.poetry\bin;C:\Users\Oleslav Boychuk\AppData\Local\Microsoft\WindowsApps;C:\Program Files\JetBrains\PyCharm Community Edition 2019.3.1\bin;C:\Program Files\JetBrains\CLion 2019.3.3\bin;C:\Users\Oleslav Boychuk\AppData\Local\GitHubDesktop\bin;C:\Program Files\JetBrains\PyCharm 2020.1.2\bin;C:\src\flutter\bin;C:\msys64\mingw64\bin;C:\MinGW\bin;C:\Users\Oleslav Boychuk\AppData\Local\Programs\pyenv\pyenv-win\bin;C:\Users\Oleslav Boychuk\AppData\Local\Microsoft\WindowsApps;C:\Users\Oleslav Boychuk\AppData\Roaming\npm;C:\Users\Oleslav Boychuk\AppData\Local\Programs\Microsoft VS Code\bin;C:\Users\Oleslav Boychuk\.dotnet\tools;C:\Program Files\Graphviz\bin;C:\Libraries\GLAD\src;C:\Libraries\GLAD\include;C:\Libraries;C:\Users\Oleslav Boychuk\AppData\Local\Coursier\data\bin;C:\Program Files\Java\jdk-15.0.1\bin;C:\Program Files\Java\jre1.8.0_51\bin;;."/><property name="java.specification.name" value="Java Platform API Specification"/><property name="java.class.version" value="52.0"/><property name="sun.management.compiler" value="HotSpot 64-Bit Tiered Compilers"/><property name="os.version" value="6.3"/><property name="swoval.tmpdir" value="C:\Users\Oleslav Boychuk\.sbt\1.0"/><property name="user.home" value="C:\Users\Oleslav Boychuk"/><property name="user.timezone" value="Europe/Helsinki"/><property name="java.awt.printerjob" value="sun.awt.windows.WPrinterJob"/><property name="file.encoding" value="UTF-8"/><property name="java.specification.version" value="1.8"/><property name="java.class.path" value="C:\Program Files (x86)\sbt\\bin\sbt-launch.jar"/><property name="user.name" value="Oleslav Boychuk"/><property name="jline.shutdownhook" value="false"/><property name="java.vm.specification.version" value="1.8"/><property name="sun.java.command" value="xsbt.boot.Boot test"/><property name="java.home" value="C:\Program Files\Java\jre1.8.0_51"/><property name="sun.arch.data.model" value="64"/><property name="user.language" value="en"/><property name="java.specification.vendor" value="Oracle Corporation"/><property name="awt.toolkit" value="sun.awt.windows.WToolkit"/><property name="java.vm.info" value="mixed mode"/><property name="java.version" value="1.8.0_51"/><property name="java.ext.dirs" value="C:\Program Files\Java\jre1.8.0_51\lib\ext;C:\WINDOWS\Sun\Java\lib\ext"/><property name="sun.boot.class.path" value="C:\Program Files\Java\jre1.8.0_51\lib\resources.jar;C:\Program Files\Java\jre1.8.0_51\lib\rt.jar;C:\Program Files\Java\jre1.8.0_51\lib\sunrsasign.jar;C:\Program Files\Java\jre1.8.0_51\lib\jsse.jar;C:\Program Files\Java\jre1.8.0_51\lib\jce.jar;C:\Program Files\Java\jre1.8.0_51\lib\charsets.jar;C:\Program Files\Java\jre1.8.0_51\lib\jfr.jar;C:\Program Files\Java\jre1.8.0_51\classes"/><property name="java.vendor" value="Oracle Corporation"/><property name="sun.stderr.encoding" value="cp866"/><property name="file.separator" value="\"/><property name="java.vendor.url.bug" value="http://bugreport.sun.com/bugreport/"/><property name="sun.io.unicode.encoding" value="UnicodeLittle"/><property name="sun.cpu.endian" value="little"/><property name="sun.stdout.encoding" value="cp866"/><property name="sun.desktop" value="windows"/><property name="sun.cpu.isalist" value="amd64"/>
    </properties>
                     <testcase classname="ImageConverterSpec" name="A Image should be equal to self" time="0.177">
                                                 
                                               </testcase><testcase classname="ImageConverterSpec" name="A Image should be double inverted" time="0.234">
                                                 
                                               </testcase><testcase classname="ImageConverterSpec" name="A Image should be double x fliped" time="0.148">
                                                 
                                               </testcase><testcase classname="ImageConverterSpec" name="A Image should be double y fliped" time="0.151">
                                                 
                                               </testcase><testcase classname="ImageConverterSpec" name="A Color should be the same after transformation" time="0.001">
                                                 
                                               </testcase><testcase classname="ImageConverterSpec" name="A Color should check transform" time="0.0">
                                                 
                                               </testcase><testcase classname="ImageConverterSpec" name="A Color should be the same after invert" time="0.001">
                                                 
                                               </testcase><testcase classname="ImageConverterSpec" name="A RGB should be the same after transformation" time="0.0">
                                                 
                                               </testcase>
                     <system-out><![CDATA[]]></system-out>
                     <system-err><![CDATA[]]></system-err>
                   </testsuite>